Arguments: 
  /Users/lichao/.nvm/versions/node/v12.22.3/bin/node /usr/local/Cellar/yarn/1.22.18/libexec/bin/yarn.js install

PATH: 
  /usr/local/opt/ruby/bin:/Users/lichao/.nvm/versions/node/v12.22.3/bin:/usr/local/bin:/usr/bin:/bin:/usr/sbin:/sbin:/Library/Apple/usr/bin:/usr/local/opt/ruby/bin

Yarn version: 
  1.22.18

Node version: 
  12.22.3

Platform: 
  darwin x64

Trace: 
  SyntaxError: /Users/lichao/govee/S-lanjing-ui-fe/package.json: Unexpected token } in JSON at position 135
      at JSON.parse (<anonymous>)
      at /usr/local/Cellar/yarn/1.22.18/libexec/lib/cli.js:1625:59
      at Generator.next (<anonymous>)
      at step (/usr/local/Cellar/yarn/1.22.18/libexec/lib/cli.js:310:30)
      at /usr/local/Cellar/yarn/1.22.18/libexec/lib/cli.js:321:13

npm manifest: 
  {
    "name": "s-lanjing-ui-fe",
    "private": true,
    "version": "0.0.0",
    "scripts": {
      "dev": "vite",
      "build": "vite build",
    },
    "dependencies": {
      "vue": "^3.2.25"
    },
    "devDependencies": {
      "@vitejs/plugin-vue": "^2.3.3",
      "vite": "^2.9.9",
      "@element-plus/icons-vue": "^2.0.6",
      "axios": "^0.27.2",
      "dayjs": "^1.11.4",
      "echarts": "^4.9.0",
      "echarts-liquidfill": "^3.1.0",
      "element-plus": "^1.3.0-beta.1",
      "moment-timezone": "^0.5.37",
      "normalize.css": "^8.0.1",
      "qs": "^6.10.5",
      "sortablejs": "^1.15.0",
      "style-loader": "^3.3.1",
      "vue": "3.2.25",
      "vue-router": "^4.0.16",
      "vuedraggable": "^4.1.0",
      "vuex": "^4.0.2"
    },
    "devDependencies": {
      "@vitejs/plugin-vue": "^2.3.3",
      "babel-plugin-component": "^1.1.1",
      "sass": "^1.56.1",
      "node-sass": "^7.0.3",
      "vite": "^2.9.9"
    }
  }

yarn manifest: 
  No manifest

Lockfile: 
  No lockfile
